<?xml version="1.0" encoding="UTF-8"?>
<!-- Generated by org.testng.reporters.JUnitXMLReporter -->
<testsuite ignored="0" hostname="SAPpc" failures="1" tests="2" name="Test(failed)" time="14.849" errors="0" timestamp="2023-12-06T14:23:21 IST">
  <testcase classname="testCases.TC_002_LoginTest" name="verify_login" time="1.438"/>
  <testcase classname="testCases.TC_001_AccountRegistrationTest" name="verify_account_registration" time="2.185">
    <failure type="java.lang.AssertionError" message="null">
      <![CDATA[java.lang.AssertionError: null
at testCases.TC_001_AccountRegistrationTest.verify_account_registration(TC_001_AccountRegistrationTest.java:60)
at java.base/java.util.ArrayList.forEach(ArrayList.java:1511)
... Removed 27 stack frames]]>
    </failure>
  </testcase> <!-- verify_account_registration -->
</testsuite> <!-- Test(failed) -->
